<?xml version="1.0" encoding="UTF-8"?>
<!-- Generated by org.testng.reporters.JUnitReportReporter -->
<testsuite skipped="0" hostname="LAPTOP-PP7LTPN0" name="com.webappsecurity.zero.TestScripts.VerifyFundTransferTest" tests="1" failures="0" timestamp="15 Nov 2020 18:11:47 GMT" time="71.337" errors="0">
  <testcase name="verifyFundTransfer" time="71.337" classname="com.webappsecurity.zero.TestScripts.VerifyFundTransferTest"/>
</testsuite> <!-- com.webappsecurity.zero.TestScripts.VerifyFundTransferTest -->
