<?xml version="1.0" encoding="UTF-8"?>
<!-- Generated by org.testng.reporters.JUnitReportReporter -->
<testsuite skipped="0" hostname="LAPTOP-PP7LTPN0" name="kdf.Application" tests="1" failures="0" timestamp="21 Nov 2020 18:02:57 GMT" time="190.971" errors="0">
  <testcase name="verifyInvalidLogin" time="190.971" classname="kdf.Application"/>
</testsuite> <!-- kdf.Application -->
